<testsuite name="dp2.History17OwnerPets" tests="3" errors="0" failures="3" time="0">
<testcase name="Global: max of response time is less than 5000.0" status="false" time="0">
  <failure type="Global">Actual value: 87466.0</failure>
</testcase>
<testcase name="Global: mean of response time is less than 1000.0" status="false" time="0">
  <failure type="Global">Actual value: 12285.0</failure>
</testcase>
<testcase name="Global: percentage of successful events is greater than 95.0" status="false" time="0">
  <failure type="Global">Actual value: 33.5307443036946</failure>
</testcase>
</testsuite>